[01/22/19, 21:20:36:860] info: ╔═════════════════════════════════════════════════════════════════════════════╗
[01/22/19, 21:20:36:861] info: ║      Slack 3.3.3, linux 4.14.78-1-lts on x64 at 01/22/19, 21:20:36:858      ║
[01/22/19, 21:20:36:861] info: ╚═════════════════════════════════════════════════════════════════════════════╝
[01/22/19, 21:20:36:937] info: Initializing local storage instance at path: /home/rickm/dotfiles/config/Slack/local-settings.json
[01/22/19, 21:20:37:205] info: cld3::loadModule: loading cld3 module
[01/22/19, 21:20:37:222] info: cld3Loader::loadModule: running environment is NODE
[01/22/19, 21:20:37:222] info: cld3Loader::loadModule: constructed module object for runtime
[01/22/19, 21:20:37:316] info: cld3Loader::initializeRuntime: successfully initialized module
[01/22/19, 21:20:37:316] info: cld3Loader::loadModule: initialized wasm binary Runtime
[01/22/19, 21:20:37:321] info: SpellChecker:: updateSpellcheckerLanguage: Skip to set new language null, v2 spellchecker is not available
[01/22/19, 21:20:37:329] info: Main window preload script finished
{
  "readyTime": 634.915898
}
[01/22/19, 21:20:37:358] info: Store: SAVE_WINDOW_SETTINGS
{
  "isMaximized": false,
  "position": [
    2082,
    18
  ],
  "size": [
    636,
    1401
  ]
}
[01/22/19, 21:20:39:556] info: Store: UPSERT_WEB_CONTENTS
{
  "id": 4,
  "state": "loaded",
  "teamId": "T03GRS9QS"
}
[01/22/19, 21:20:39:926] info: Store: UPDATE_SESSION_STATUS
{
  "hasValidSession": true,
  "teamId": "T03GRS9QS"
}
[01/22/19, 21:20:40:097] info: Skipping request to provide hint content for channel for spellchecker
{
  "version": "V2"
}
[01/22/19, 21:20:40:857] info: Store: SELECT_CHANNEL C03GRS9SA
[01/22/19, 21:20:40:857] info: Store: UPDATE_TEAM_LOCALE
{
  "locale": "en-US",
  "teamId": "T03GRS9QS"
}
[01/22/19, 21:20:40:857] info: Store: UPDATE_SETTINGS
{
  "locale": "en-US"
}
[01/22/19, 21:20:40:858] info: Store: UPDATE_TEAM_THEME
{
  "teamId": "T03GRS9QS",
  "theme": {
    "active_item": "#1264A3",
    "active_item_text": "#FFFFFF",
    "active_presence": "#2BAC76",
    "badge": "#CD2553",
    "column_bg": "#3F0E40",
    "hover_item": "#350D36",
    "menu_bg": "#350d36",
    "text_color": "#FFFFFF"
  }
}
[01/22/19, 21:20:40:859] info: Store: UPDATE_TEAM_ICONS
{
  "icons": {
    "image_102": "https://avatars.slack-edge.com/2015-06-25/6877457570_fd634345df76a7c84cb8_102.jpg",
    "image_132": "https://avatars.slack-edge.com/2015-06-25/6877457570_fd634345df76a7c84cb8_132.jpg",
    "image_230": "https://avatars.slack-edge.com/2015-06-25/6877457570_fd634345df76a7c84cb8_132.jpg",
    "image_34": "https://avatars.slack-edge.com/2015-06-25/6877457570_fd634345df76a7c84cb8_34.jpg",
    "image_44": "https://avatars.slack-edge.com/2015-06-25/6877457570_fd634345df76a7c84cb8_44.jpg",
    "image_68": "https://avatars.slack-edge.com/2015-06-25/6877457570_fd634345df76a7c84cb8_68.jpg",
    "image_88": "https://avatars.slack-edge.com/2015-06-25/6877457570_fd634345df76a7c84cb8_88.jpg",
    "image_original": "https://avatars.slack-edge.com/2015-06-25/6877457570_fd634345df76a7c84cb8_original.jpg"
  },
  "teamId": "T03GRS9QS"
}
[01/22/19, 21:20:40:861] info: Store: UPDATE_TEAM_LOCALE
{
  "locale": "en-US",
  "teamId": "T03GRS9QS"
}
[01/22/19, 21:20:40:861] info: Store: UPSERT_WEB_CONTENTS
{
  "id": 4,
  "state": "webapp-loaded",
  "teamId": "T03GRS9QS"
}
[01/22/19, 21:20:40:862] info: Store: UPDATE_SETTINGS
{
  "sandboxSigninWindow": true
}
[01/22/19, 21:20:41:004] info: Store: STORE_ENTERPRISE_ID_PAIR
{
  "enterpriseId": null,
  "teamId": "T03GRS9QS"
}
[01/22/19, 21:20:41:005] info: Store: STORE_API_TOKEN
{
  "teamId": "T03GRS9QS",
  "token": "xoxs-⋯"
}
[01/22/19, 21:20:41:792] info: postLoadTaskSetup: Setup spellchecker
{
  "version": "V2"
}
[01/22/19, 21:20:41:803] info: loadAsmModule: loading hunspell-asm module
[01/22/19, 21:20:41:954] info: loadAsmModule: asm module loaded successfully
[01/22/19, 21:20:41:954] info: SpellChecker: Starting spellchecker with language detector
[01/22/19, 21:20:41:954] info: SpellChecker::enableSpellCheckerLanguageDetector: enable spellchecker language detector
[01/22/19, 21:20:41:954] info: SpellChecker::startWithDictionary: Starting language detector with English by default
[01/22/19, 21:20:42:050] info: SpellChecker::spellgetLanguageRegionCode: found region supported language
{
  "code": "en"
}
[01/22/19, 21:20:42:050] warn: SpellChecker::getLanguageRegionCode: navigator does not contain available region, return default value
{
  "code": "en-us"
}
[01/22/19, 21:20:42:050] info: download: downloading dictionary for 'en-us'
[01/22/19, 21:20:42:050] info: fetchResourceAsBuffer: downloading
{
  "filePath": "https://spellcheck.slack-edge.com/dictionaries/en-us/1/en-us.aff",
  "cachePolicy": "default"
}
[01/22/19, 21:20:42:242] info: fetchResourceAsBuffer: downloading
{
  "filePath": "https://spellcheck.slack-edge.com/dictionaries/en-us/1/en-us.dic",
  "cachePolicy": "default"
}
[01/22/19, 21:20:42:435] info: dictionaryDownloader: verifying hash
[01/22/19, 21:20:42:465] info: SpellChecker::downloadDictionary: Dictionary is ready for 
{
  "language": "en"
}
[01/22/19, 21:20:42:498] info: assignSpellchecker: spellCheckerTable added new checker for 'en'
[01/22/19, 21:20:42:504] info: SpellChecker::prepareDictionary: Dictionary buffer for 'en' is loaded into spellchecker
[01/22/19, 21:20:42:505] info: switchDictionary: switching dictionary to check spell from 'null' to 'en'
[01/22/19, 21:20:42:506] info: SpellChecker::switchDictionary: SpellChecker enabled for language
{
  "language": "en"
}
[01/22/19, 21:20:58:533] info: Store: SAVE_WINDOW_SETTINGS
{
  "isMaximized": false,
  "position": [
    4002,
    18
  ],
  "size": [
    1436,
    2521
  ]
}
[01/22/19, 21:21:08:409] info: Store: SHOW_LOGIN_DIALOG
[01/22/19, 21:21:08:415] info: Store: ADD_WINDOW
{
  "id": 4,
  "type": "sign-in"
}
[01/22/19, 21:21:20:473] info: Store: SIGN_IN_CANCELED
[01/22/19, 21:21:20:476] info: Store: REMOVE_WINDOW 4
[01/22/19, 21:21:40:272] info: Skipping request to provide hint content for channel for spellchecker
{
  "version": "V2"
}
[01/22/19, 21:21:40:341] info: Store: SELECT_CHANNEL CAJUGFN72
[01/22/19, 21:24:29:376] info: Store: SAVE_WINDOW_SETTINGS
{
  "isMaximized": false,
  "position": [
    4002,
    18
  ],
  "size": [
    1436,
    1251
  ]
}
[01/22/19, 21:24:48:145] info: Store: SAVE_WINDOW_SETTINGS
{
  "isMaximized": false,
  "position": [
    4002,
    18
  ],
  "size": [
    1436,
    2521
  ]
}
