[01/22/19, 17:00:30:703] info: ╔═════════════════════════════════════════════════════════════════════════════╗
[01/22/19, 17:00:30:704] info: ║      Slack 3.3.3, linux 4.14.78-1-lts on x64 at 01/22/19, 17:00:30:701      ║
[01/22/19, 17:00:30:704] info: ╚═════════════════════════════════════════════════════════════════════════════╝
[01/22/19, 17:00:30:831] info: Initializing local storage instance at path: /home/rickm/dotfiles/config/Slack/local-settings.json
[01/22/19, 17:00:30:982] info: NetworkStatus: Waiting for network online…
[01/22/19, 17:00:31:132] info: Store: BACKGROUND_CLIENTS_INITIALIZED
[01/22/19, 17:00:31:135] info: Store: BACKGROUND_CLIENTS_INITIALIZED true
[01/22/19, 17:00:31:432] info: NetworkStatus: Response from api.test
{
  "status": "online"
}
[01/22/19, 17:00:31:834] info: Store: SET_NETWORK_STATUS online
[01/22/19, 17:00:31:835] info: Store: MAIN_WINDOW_SHOWN
[01/22/19, 17:00:31:848] info: Store: ADD_WINDOW
{
  "id": 3,
  "type": "sign-in"
}
[01/22/19, 17:00:36:437] info: Store: SIGN_IN_CANCELED
[01/22/19, 17:00:36:438] info: Store: QUIT_APP
[01/22/19, 17:00:36:441] info: Store: REMOVE_WINDOW 3
[01/22/19, 17:00:36:506] info: Store: REMOVE_WINDOW 2
[01/22/19, 17:00:36:514] info: Store: QUIT_APP
[01/22/19, 21:19:54:492] info: ╔═════════════════════════════════════════════════════════════════════════════╗
[01/22/19, 21:19:54:492] info: ║      Slack 3.3.3, linux 4.14.78-1-lts on x64 at 01/22/19, 21:19:54:490      ║
[01/22/19, 21:19:54:493] info: ╚═════════════════════════════════════════════════════════════════════════════╝
[01/22/19, 21:19:54:607] info: Initializing local storage instance at path: /home/rickm/dotfiles/config/Slack/local-settings.json
[01/22/19, 21:19:54:735] info: NetworkStatus: Waiting for network online…
[01/22/19, 21:19:54:871] info: Store: BACKGROUND_CLIENTS_INITIALIZED
[01/22/19, 21:19:54:874] info: Store: BACKGROUND_CLIENTS_INITIALIZED true
[01/22/19, 21:19:54:998] info: NetworkStatus: Response from api.test
{
  "status": "online"
}
[01/22/19, 21:19:55:402] info: Store: SET_NETWORK_STATUS online
[01/22/19, 21:19:55:405] info: Store: MAIN_WINDOW_SHOWN
[01/22/19, 21:19:55:414] info: Store: ADD_WINDOW
{
  "id": 3,
  "type": "sign-in"
}
[01/22/19, 21:20:36:136] info: Store: SIGN_IN_COMPLETE
[01/22/19, 21:20:36:328] info: Store: SIGN_IN_CANCELED
[01/22/19, 21:20:36:330] info: Store: REMOVE_WINDOW 3
[01/22/19, 21:20:36:334] info: Store: ADD_NEW_TEAM
{
  "id": "U4BNAQJ3H",
  "name": "[REDACTED]",
  "team_id": "T03GRS9QS",
  "team_name": "[REDACTED]",
  "team_url": "[REDACTED]"
}
[01/22/19, 21:20:36:340] info: Store: UPSERT_WEB_CONTENTS
{
  "id": 4,
  "state": "unloaded",
  "teamId": "T03GRS9QS"
}
[01/22/19, 21:20:37:358] info: Store: SAVE_WINDOW_SETTINGS
{
  "isMaximized": false,
  "position": [
    2082,
    18
  ],
  "size": [
    636,
    1401
  ]
}
[01/22/19, 21:20:39:544] info: Store: UPSERT_WEB_CONTENTS
{
  "id": 4,
  "state": "loaded",
  "teamId": "T03GRS9QS"
}
[01/22/19, 21:20:39:692] info: Store: UPDATE_SESSION_STATUS
{
  "hasValidSession": true,
  "teamId": "T03GRS9QS"
}
[01/22/19, 21:20:40:098] info: Store: SELECT_CHANNEL C03GRS9SA
[01/22/19, 21:20:40:100] info: Store: UPDATE_TEAM_LOCALE
{
  "locale": "en-US",
  "teamId": "T03GRS9QS"
}
[01/22/19, 21:20:40:110] info: Store: UPDATE_SETTINGS
{
  "locale": "en-US"
}
[01/22/19, 21:20:40:120] info: Store: UPDATE_TEAM_THEME
{
  "teamId": "T03GRS9QS",
  "theme": {
    "active_item": "#1264A3",
    "active_item_text": "#FFFFFF",
    "active_presence": "#2BAC76",
    "badge": "#CD2553",
    "column_bg": "#3F0E40",
    "hover_item": "#350D36",
    "menu_bg": "#350d36",
    "text_color": "#FFFFFF"
  }
}
[01/22/19, 21:20:40:366] info: Store: UPDATE_TEAM_ICONS
{
  "icons": {
    "image_102": "https://avatars.slack-edge.com/2015-06-25/6877457570_fd634345df76a7c84cb8_102.jpg",
    "image_132": "https://avatars.slack-edge.com/2015-06-25/6877457570_fd634345df76a7c84cb8_132.jpg",
    "image_230": "https://avatars.slack-edge.com/2015-06-25/6877457570_fd634345df76a7c84cb8_132.jpg",
    "image_34": "https://avatars.slack-edge.com/2015-06-25/6877457570_fd634345df76a7c84cb8_34.jpg",
    "image_44": "https://avatars.slack-edge.com/2015-06-25/6877457570_fd634345df76a7c84cb8_44.jpg",
    "image_68": "https://avatars.slack-edge.com/2015-06-25/6877457570_fd634345df76a7c84cb8_68.jpg",
    "image_88": "https://avatars.slack-edge.com/2015-06-25/6877457570_fd634345df76a7c84cb8_88.jpg",
    "image_original": "https://avatars.slack-edge.com/2015-06-25/6877457570_fd634345df76a7c84cb8_original.jpg"
  },
  "teamId": "T03GRS9QS"
}
[01/22/19, 21:20:40:494] info: Store: UPDATE_TEAM_LOCALE
{
  "locale": "en-US",
  "teamId": "T03GRS9QS"
}
[01/22/19, 21:20:40:504] info: Store: UPSERT_WEB_CONTENTS
{
  "id": 4,
  "state": "webapp-loaded",
  "teamId": "T03GRS9QS"
}
[01/22/19, 21:20:40:506] info: Store: UPDATE_SETTINGS
{
  "sandboxSigninWindow": true
}
[01/22/19, 21:20:40:863] info: Store: STORE_ENTERPRISE_ID_PAIR
{
  "enterpriseId": null,
  "teamId": "T03GRS9QS"
}
[01/22/19, 21:20:40:864] info: Store: STORE_API_TOKEN
{
  "teamId": "T03GRS9QS",
  "token": "xoxs-⋯"
}
[01/22/19, 21:20:58:533] info: Store: SAVE_WINDOW_SETTINGS
{
  "isMaximized": false,
  "position": [
    4002,
    18
  ],
  "size": [
    1436,
    2521
  ]
}
[01/22/19, 21:21:08:409] info: Store: SHOW_LOGIN_DIALOG
[01/22/19, 21:21:08:415] info: Store: ADD_WINDOW
{
  "id": 4,
  "type": "sign-in"
}
[01/22/19, 21:21:20:473] info: Store: SIGN_IN_CANCELED
[01/22/19, 21:21:20:476] info: Store: REMOVE_WINDOW 4
[01/22/19, 21:21:40:272] info: Store: SELECT_CHANNEL CAJUGFN72
[01/22/19, 21:24:29:376] info: Store: SAVE_WINDOW_SETTINGS
{
  "isMaximized": false,
  "position": [
    4002,
    18
  ],
  "size": [
    1436,
    1251
  ]
}
[01/22/19, 21:24:48:145] info: Store: SAVE_WINDOW_SETTINGS
{
  "isMaximized": false,
  "position": [
    4002,
    18
  ],
  "size": [
    1436,
    2521
  ]
}
