[01/22/19, 17:00:30:740] info: ╔═════════════════════════════════════════════════════════════════════════════╗
[01/22/19, 17:00:30:740] info: ║      Slack 3.3.3, linux 4.14.78-1-lts on x64 at 01/22/19, 17:00:30:738      ║
[01/22/19, 17:00:30:740] info: ╚═════════════════════════════════════════════════════════════════════════════╝
[01/22/19, 17:00:30:807] info: Initializing local storage instance at path: /home/rickm/dotfiles/config/Slack/local-settings.json
[01/22/19, 17:00:31:132] info: Store: BACKGROUND_CLIENTS_INITIALIZED
[01/22/19, 17:00:31:135] info: Store: BACKGROUND_CLIENTS_INITIALIZED true
[01/22/19, 17:00:31:834] info: Store: SET_NETWORK_STATUS online
[01/22/19, 17:00:31:835] info: Store: MAIN_WINDOW_SHOWN
[01/22/19, 17:00:31:849] info: Store: ADD_WINDOW
{
  "id": 3,
  "type": "sign-in"
}
[01/22/19, 21:19:54:518] info: ╔═════════════════════════════════════════════════════════════════════════════╗
[01/22/19, 21:19:54:519] info: ║      Slack 3.3.3, linux 4.14.78-1-lts on x64 at 01/22/19, 21:19:54:516      ║
[01/22/19, 21:19:54:519] info: ╚═════════════════════════════════════════════════════════════════════════════╝
[01/22/19, 21:19:54:584] info: Initializing local storage instance at path: /home/rickm/dotfiles/config/Slack/local-settings.json
[01/22/19, 21:19:54:871] info: Store: BACKGROUND_CLIENTS_INITIALIZED
[01/22/19, 21:19:54:873] info: Store: BACKGROUND_CLIENTS_INITIALIZED true
[01/22/19, 21:19:55:402] info: Store: SET_NETWORK_STATUS online
[01/22/19, 21:19:55:405] info: Store: MAIN_WINDOW_SHOWN
[01/22/19, 21:19:55:414] info: Store: ADD_WINDOW
{
  "id": 3,
  "type": "sign-in"
}
